<?xml version="1.0" encoding="UTF-8"?>
<testsuite name="ch.zhaw.springboot.demo_projekt_springboot.ScoreKeeperTest" tests="10" skipped="0" failures="0" errors="0" timestamp="2024-04-29T10:44:50" hostname="HP-ANDRE" time="0.025">
  <properties/>
  <testcase name="testMultipleScores()" classname="ch.zhaw.springboot.demo_projekt_springboot.ScoreKeeperTest" time="0.005"/>
  <testcase name="testScoreAfterReset()" classname="ch.zhaw.springboot.demo_projekt_springboot.ScoreKeeperTest" time="0.001"/>
  <testcase name="testInitialScore()" classname="ch.zhaw.springboot.demo_projekt_springboot.ScoreKeeperTest" time="0.001"/>
  <testcase name="testScoreTeamA1()" classname="ch.zhaw.springboot.demo_projekt_springboot.ScoreKeeperTest" time="0.001"/>
  <testcase name="testScoreTeamA2()" classname="ch.zhaw.springboot.demo_projekt_springboot.ScoreKeeperTest" time="0.002"/>
  <testcase name="testScoreTeamA3()" classname="ch.zhaw.springboot.demo_projekt_springboot.ScoreKeeperTest" time="0.001"/>
  <testcase name="testScoreTeamB1()" classname="ch.zhaw.springboot.demo_projekt_springboot.ScoreKeeperTest" time="0.001"/>
  <testcase name="testScoreTeamB2()" classname="ch.zhaw.springboot.demo_projekt_springboot.ScoreKeeperTest" time="0.001"/>
  <testcase name="testScoreTeamB3()" classname="ch.zhaw.springboot.demo_projekt_springboot.ScoreKeeperTest" time="0.001"/>
  <testcase name="testLargeScores()" classname="ch.zhaw.springboot.demo_projekt_springboot.ScoreKeeperTest" time="0.001"/>
  <system-out><![CDATA[]]></system-out>
  <system-err><![CDATA[]]></system-err>
</testsuite>
