<?xml version="1.0" encoding="UTF-8"?>
<testsuite name="ch.zhaw.springboot.demo_projekt_springboot.FizzBuzzConverterTest" tests="6" skipped="0" failures="0" errors="0" timestamp="2024-04-29T10:44:50" hostname="HP-ANDRE" time="0.085">
  <properties/>
  <testcase name="fizzBuzzConverter1()" classname="ch.zhaw.springboot.demo_projekt_springboot.FizzBuzzConverterTest" time="0.076"/>
  <testcase name="fizzBuzzConvertor2()" classname="ch.zhaw.springboot.demo_projekt_springboot.FizzBuzzConverterTest" time="0.001"/>
  <testcase name="fizzBuzzConvertor3()" classname="ch.zhaw.springboot.demo_projekt_springboot.FizzBuzzConverterTest" time="0.001"/>
  <testcase name="fizzBuzzConvertorMultiplesOfThreeAndSeven()" classname="ch.zhaw.springboot.demo_projekt_springboot.FizzBuzzConverterTest" time="0.001"/>
  <testcase name="fizzBuzzConvertorMultiplesOfSeven()" classname="ch.zhaw.springboot.demo_projekt_springboot.FizzBuzzConverterTest" time="0.0"/>
  <testcase name="fizzBuzzConvertorMultiplesOfThree()" classname="ch.zhaw.springboot.demo_projekt_springboot.FizzBuzzConverterTest" time="0.001"/>
  <system-out><![CDATA[]]></system-out>
  <system-err><![CDATA[]]></system-err>
</testsuite>
