<?xml version="1.0" encoding="UTF-8"?>
<testsuite name="ch.zhaw.springboot.demo_projekt_springboot.DemoProjektSpringbootApplicationTest" tests="1" skipped="0" failures="0" errors="0" timestamp="2024-04-29T10:44:49" hostname="HP-ANDRE" time="1.543">
  <properties/>
  <testcase name="contextLoads()" classname="ch.zhaw.springboot.demo_projekt_springboot.DemoProjektSpringbootApplicationTest" time="1.543"/>
  <system-out><![CDATA[11:44:45.840 [Test worker] INFO org.springframework.test.context.support.AnnotationConfigContextLoaderUtils -- Could not detect default configuration classes for test class [ch.zhaw.springboot.demo_projekt_springboot.DemoProjektSpringbootApplicationTest]: DemoProjektSpringbootApplicationTest does not declare any static, non-private, non-final, nested classes annotated with @Configuration.
11:44:46.052 [Test worker] INFO org.springframework.boot.test.context.SpringBootTestContextBootstrapper -- Found @SpringBootConfiguration ch.zhaw.springboot.demo_projekt_springboot.DemoProjektSpringbootApplication for test class ch.zhaw.springboot.demo_projekt_springboot.DemoProjektSpringbootApplicationTest

  .   ____          _            __ _ _
 /\\ / ___'_ __ _ _(_)_ __  __ _ \ \ \ \
( ( )\___ | '_ | '_| | '_ \/ _` | \ \ \ \
 \\/  ___)| |_)| | | | | || (_| |  ) ) ) )
  '  |____| .__|_| |_|_| |_\__, | / / / /
 =========|_|==============|___/=/_/_/_/
 :: Spring Boot ::                (v3.2.4)

2024-04-29T11:44:46.796+01:00  INFO 16736 --- [demo_projekt_springboot] [    Test worker] s.d.DemoProjektSpringbootApplicationTest : Starting DemoProjektSpringbootApplicationTest using Java 21.0.2 with PID 16736 (started by Andrea in C:\Users\Andrea\OneDrive\Scuola\ZHAW\Semester_2\DevOps\Woche 5 - Demo\demo_projekt_springboot)
2024-04-29T11:44:46.799+01:00  INFO 16736 --- [demo_projekt_springboot] [    Test worker] s.d.DemoProjektSpringbootApplicationTest : No active profile set, falling back to 1 default profile: "default"
2024-04-29T11:44:49.040+01:00  INFO 16736 --- [demo_projekt_springboot] [    Test worker] s.d.DemoProjektSpringbootApplicationTest : Started DemoProjektSpringbootApplicationTest in 2.664 seconds (process running for 5.196)
Init Data
]]></system-out>
  <system-err><![CDATA[WARNING: A Java agent has been loaded dynamically (C:\Users\Andrea\.gradle\caches\modules-2\files-2.1\net.bytebuddy\byte-buddy-agent\1.14.12\be4984cb6fd1ef1d11f218a648889dfda44b8a15\byte-buddy-agent-1.14.12.jar)
WARNING: If a serviceability tool is in use, please run with -XX:+EnableDynamicAgentLoading to hide this warning
WARNING: If a serviceability tool is not in use, please run with -Djdk.instrument.traceUsage for more information
WARNING: Dynamic loading of agents will be disallowed by default in a future release
]]></system-err>
</testsuite>
